Flutter crash report.
Please report a bug at https://github.com/flutter/flutter/issues.

## command

flutter run

## exception

ProcessException: ProcessException: %1 is not a valid Win32 application.

  Command: C:\Users\user\AppData\Local\Google\Chrome\Application\chrome.exe --user-data-dir=C:\Users\user\AppData\Local\Temp\flutter_tools.13293e68\flutter_tools_chrome_device.eec6eb75 --remote-debugging-port=51252 --disable-background-timer-throttling --disable-extensions --disable-popup-blocking --bwsi --no-first-run --no-default-browser-check --disable-default-apps --disable-translate http://localhost:51219

```
#0      _ProcessImpl._start (dart:io-patch/process_patch.dart:402:33)
#1      Process.start (dart:io-patch/process_patch.dart:38:20)
#2      LocalProcessManager.start (package:process/src/interface/local_process_manager.dart:42:22)
#3      ErrorHandlingProcessManager.start.<anonymous closure> (package:flutter_tools/src/base/error_handling_io.dart:686:24)
#4      _run (package:flutter_tools/src/base/error_handling_io.dart:556:20)
#5      ErrorHandlingProcessManager.start (package:flutter_tools/src/base/error_handling_io.dart:685:12)
#6      ChromiumLauncher._spawnChromiumProcess (package:flutter_tools/src/web/chrome.dart:270:53)
#7      ChromiumLauncher.launch (package:flutter_tools/src/web/chrome.dart:228:35)
<asynchronous suspension>
#8      ChromiumDevice.startApp (package:flutter_tools/src/web/web_device.dart:145:17)
<asynchronous suspension>
#9      ResidentWebRunner.run.<anonymous closure> (package:flutter_tools/src/isolated/resident_web_runner.dart:345:9)
<asynchronous suspension>
#10     asyncGuard.<anonymous closure> (package:flutter_tools/src/base/async_guard.dart:111:24)
<asynchronous suspension>
```

## flutter doctor

```
[32m[✓][39m Flutter (Channel stable, 3.19.2, on Microsoft Windows [Version 10.0.19045.4046], locale en-US)
    [32m•[39m Flutter version 3.19.2 on channel stable at C:\Users\user\Downloads\flutter_windows_3.19.2-stable\flutter
    [32m•[39m Upstream repository https://github.com/flutter/flutter.git
    [32m•[39m Framework revision 7482962148 (3 days ago), 2024-02-27 16:51:22 -0500
    [32m•[39m Engine revision 04817c99c9
    [32m•[39m Dart version 3.3.0
    [32m•[39m DevTools version 2.31.1

[32m[✓][39m Windows Version (Installed version of Windows is version 10 or higher)

[33m[!][39m Android toolchain - develop for Android devices (Android SDK version 34.0.0)
    [32m•[39m Android SDK at C:\Users\user\AppData\Local\Android\sdk
    [31m✗[39m cmdline-tools component is missing
      Run `path/to/sdkmanager --install "cmdline-tools;latest"`
      See https://developer.android.com/studio/command-line for more details.
    [31m✗[39m Android license status unknown.
      Run `flutter doctor --android-licenses` to accept the SDK licenses.
      See https://flutter.dev/docs/get-started/install/windows#android-setup for more details.

[32m[✓][39m Chrome - develop for the web
    [32m•[39m Chrome at C:\Users\user\AppData\Local\Google\Chrome\Application\chrome.exe

[31m[✗][39m Visual Studio - develop Windows apps
    [31m✗[39m Visual Studio not installed; this is necessary to develop Windows apps.
      Download at https://visualstudio.microsoft.com/downloads/.
      Please install the "Desktop development with C++" workload, including all of its default components

[32m[✓][39m Android Studio (version 2023.2)
    [32m•[39m Android Studio at C:\Program Files\Android\Android Studio
    [32m•[39m Flutter plugin can be installed from:
      🔨 https://plugins.jetbrains.com/plugin/9212-flutter
    [32m•[39m Dart plugin can be installed from:
      🔨 https://plugins.jetbrains.com/plugin/6351-dart
    [32m•[39m Java version OpenJDK Runtime Environment (build 17.0.9+0--11185874)

[32m[✓][39m VS Code (version 1.87.0)
    [32m•[39m VS Code at C:\Users\user\AppData\Local\Programs\Microsoft VS Code
    [32m•[39m Flutter extension version 3.82.0

[32m[✓][39m Connected device (3 available)
    [32m•[39m Windows (desktop) • windows • windows-x64    • Microsoft Windows [Version 10.0.19045.4046]
    [32m•[39m Chrome (web)      • chrome  • web-javascript • Google Chrome 121.0.6167.185
    [32m•[39m Edge (web)        • edge    • web-javascript • Microsoft Edge 122.0.2365.59
    [33m![39m Device 0B031JECB16460 is not authorized.
      You might need to check your device for an authorization dialog.

[32m[✓][39m Network resources
    [32m•[39m All expected network resources are available.

[33m![39m Doctor found issues in 2 categories.
```
